#
# There is insufficient memory for the Java Runtime Environment to continue.
# Native memory allocation (malloc) failed to allocate 1865616 bytes for Chunk::new
# Possible reasons:
#   The system is out of physical RAM or swap space
#   The process is running with CompressedOops enabled, and the Java Heap may be blocking the growth of the native heap
# Possible solutions:
#   Reduce memory load on the system
#   Increase physical memory or swap space
#   Check if swap backing store is full
#   Decrease Java heap size (-Xmx/-Xms)
#   Decrease number of Java threads
#   Decrease Java thread stack sizes (-Xss)
#   Set larger code cache with -XX:ReservedCodeCacheSize=
#   JVM is running with Unscaled Compressed Oops mode in which the Java heap is
#     placed in the first 4GB address space. The Java Heap base address is the
#     maximum limit for the native heap growth. Please use -XX:HeapBaseMinAddress
#     to set the Java Heap base and to place the Java Heap above 4GB virtual address.
# This output file may be truncated or incomplete.
#
#  Out of Memory Error (arena.cpp:189), pid=13404, tid=21220
#
# JRE version: OpenJDK Runtime Environment JBR-17.0.3+7-469.32-jcef (17.0.3+7) (build 17.0.3+7-b469.32)
# Java VM: OpenJDK 64-Bit Server VM JBR-17.0.3+7-469.32-jcef (17.0.3+7-b469.32, mixed mode, tiered, compressed oops, compressed class ptrs, g1 gc, windows-amd64)
# No core dump will be written. Minidumps are not enabled by default on client versions of Windows
#

---------------  S U M M A R Y ------------

Command Line: -Djava.rmi.server.hostname=127.0.0.1 -Duser.timezone=UTC -Xmx750m -Xms128m -XX:+IgnoreUnrecognizedVMOptions --add-opens=jdk.unsupported/sun.misc=ALL-UNNAMED --add-opens=java.base/java.nio=ALL-UNNAMED -Dfile.encoding=UTF-8 com.intellij.database.remote.RemoteJdbcServer com.mysql.cj.jdbc.Driver

Host: 11th Gen Intel(R) Core(TM) i5-11400H @ 2.70GHz, 12 cores, 15G,  Windows 11 , 64 bit Build 26100 (10.0.26100.4484)
Time: Mon Aug 25 16:04:30 2025  Windows 11 , 64 bit Build 26100 (10.0.26100.4484) elapsed time: 4118.230676 seconds (0d 1h 8m 38s)

---------------  T H R E A D  ---------------

Current thread (0x00000271664e3040):  JavaThread "C2 CompilerThread0" daemon [_thread_in_native, id=21220, stack(0x000000ed5f100000,0x000000ed5f200000)]


Current CompileTask:
C2:4118231 2765   !   4       java.io.ObjectOutputStream::writeObject0 (620 bytes)

Stack: [0x000000ed5f100000,0x000000ed5f200000]
Native frames: (J=compiled Java code, j=interpreted, Vv=VM code, C=native code)
V  [jvm.dll+0x681f8a]
V  [jvm.dll+0x83e374]
V  [jvm.dll+0x83fb1e]
V  [jvm.dll+0x840183]
V  [jvm.dll+0x2492a5]
V  [jvm.dll+0xabd5c]
V  [jvm.dll+0xac32c]
V  [jvm.dll+0x368182]
V  [jvm.dll+0x3327b1]
V  [jvm.dll+0x331c5a]
V  [jvm.dll+0x21b951]
V  [jvm.dll+0x21ad71]
V  [jvm.dll+0x1a49dd]
V  [jvm.dll+0x22a7e8]
V  [jvm.dll+0x228891]
V  [jvm.dll+0x7f3d6c]
V  [jvm.dll+0x7ee2ea]
V  [jvm.dll+0x680dc5]
C  [ucrtbase.dll+0x37b0]
C  [KERNEL32.DLL+0x2e8d7]
C  [ntdll.dll+0x3c34c]


---------------  P R O C E S S  ---------------

Threads class SMR info:
_java_thread_list=0x00000271670b6160, length=20, elements={
0x000002714f0c2110, 0x00000271664d4260, 0x00000271664d4e10, 0x0000027167008570,
0x000002716700ae40, 0x000002716700c270, 0x000002716700d790, 0x00000271664e3040,
0x00000271664e44b0, 0x00000271664e6eb0, 0x00000271671c6260, 0x00000271671e6460,
0x00000271672cd220, 0x000002716774c790, 0x0000027167749090, 0x00000271673fb3b0,
0x00000271673fe800, 0x00000271679c4030, 0x00000271679dc730, 0x00000271679e6f20
}

Java Threads: ( => current thread )
  0x000002714f0c2110 JavaThread "main" [_thread_blocked, id=20720, stack(0x000000ed5e400000,0x000000ed5e500000)]
  0x00000271664d4260 JavaThread "Reference Handler" daemon [_thread_blocked, id=24468, stack(0x000000ed5eb00000,0x000000ed5ec00000)]
  0x00000271664d4e10 JavaThread "Finalizer" daemon [_thread_blocked, id=23864, stack(0x000000ed5ec00000,0x000000ed5ed00000)]
  0x0000027167008570 JavaThread "Signal Dispatcher" daemon [_thread_blocked, id=7960, stack(0x000000ed5ed00000,0x000000ed5ee00000)]
  0x000002716700ae40 JavaThread "Attach Listener" daemon [_thread_blocked, id=3676, stack(0x000000ed5ee00000,0x000000ed5ef00000)]
  0x000002716700c270 JavaThread "Service Thread" daemon [_thread_blocked, id=16724, stack(0x000000ed5ef00000,0x000000ed5f000000)]
  0x000002716700d790 JavaThread "Monitor Deflation Thread" daemon [_thread_blocked, id=23004, stack(0x000000ed5f000000,0x000000ed5f100000)]
=>0x00000271664e3040 JavaThread "C2 CompilerThread0" daemon [_thread_in_native, id=21220, stack(0x000000ed5f100000,0x000000ed5f200000)]
  0x00000271664e44b0 JavaThread "C1 CompilerThread0" daemon [_thread_blocked, id=19060, stack(0x000000ed5f200000,0x000000ed5f300000)]
  0x00000271664e6eb0 JavaThread "Sweeper thread" daemon [_thread_blocked, id=3604, stack(0x000000ed5f300000,0x000000ed5f400000)]
  0x00000271671c6260 JavaThread "Common-Cleaner" daemon [_thread_blocked, id=26648, stack(0x000000ed5f400000,0x000000ed5f500000)]
  0x00000271671e6460 JavaThread "Notification Thread" daemon [_thread_blocked, id=1176, stack(0x000000ed5f500000,0x000000ed5f600000)]
  0x00000271672cd220 JavaThread "mysql-cj-abandoned-connection-cleanup" daemon [_thread_blocked, id=9772, stack(0x000000ed5f700000,0x000000ed5f800000)]
  0x000002716774c790 JavaThread "RMI TCP Accept-16234" daemon [_thread_in_native, id=8692, stack(0x000000ed5f800000,0x000000ed5f900000)]
  0x0000027167749090 JavaThread "RMI TCP Accept-0" daemon [_thread_in_native, id=15244, stack(0x000000ed5f900000,0x000000ed5fa00000)]
  0x00000271673fb3b0 JavaThread "RMI Reaper" [_thread_blocked, id=26096, stack(0x000000ed5fa00000,0x000000ed5fb00000)]
  0x00000271673fe800 JavaThread "RMI GC Daemon" daemon [_thread_blocked, id=720, stack(0x000000ed5fb00000,0x000000ed5fc00000)]
  0x00000271679c4030 JavaThread "RMI TCP Connection(1)-127.0.0.1" daemon [_thread_in_native, id=17624, stack(0x000000ed5fc00000,0x000000ed5fd00000)]
  0x00000271679dc730 JavaThread "RMI Scheduler(0)" daemon [_thread_blocked, id=10852, stack(0x000000ed5fd00000,0x000000ed5fe00000)]
  0x00000271679e6f20 JavaThread "RMI TCP Connection(2)-127.0.0.1" daemon [_thread_in_native, id=27456, stack(0x000000ed5fe00000,0x000000ed5ff00000)]

Other Threads:
  0x00000271664ada00 VMThread "VM Thread" [stack: 0x000000ed5ea00000,0x000000ed5eb00000] [id=5564]
  0x000002714f111740 WatcherThread [stack: 0x000000ed5f600000,0x000000ed5f700000] [id=10476]
  0x000002714f0f8430 GCTaskThread "GC Thread#0" [stack: 0x000000ed5e500000,0x000000ed5e600000] [id=26608]
  0x0000027167b068d0 GCTaskThread "GC Thread#1" [stack: 0x000000ed60100000,0x000000ed60200000] [id=23244]
  0x0000027167a51970 GCTaskThread "GC Thread#2" [stack: 0x000000ed60200000,0x000000ed60300000] [id=18912]
  0x0000027167eaac10 GCTaskThread "GC Thread#3" [stack: 0x000000ed60300000,0x000000ed60400000] [id=27164]
  0x00000271689a7d10 GCTaskThread "GC Thread#4" [stack: 0x000000ed60400000,0x000000ed60500000] [id=26716]
  0x0000027167f3e8c0 GCTaskThread "GC Thread#5" [stack: 0x000000ed60500000,0x000000ed60600000] [id=22828]
  0x0000027167f3eb70 GCTaskThread "GC Thread#6" [stack: 0x000000ed60600000,0x000000ed60700000] [id=7072]
  0x0000027167d3fa70 GCTaskThread "GC Thread#7" [stack: 0x000000ed60700000,0x000000ed60800000] [id=8]
  0x0000027167d40130 GCTaskThread "GC Thread#8" [stack: 0x000000ed60800000,0x000000ed60900000] [id=19608]
  0x0000027167d423f0 GCTaskThread "GC Thread#9" [stack: 0x000000ed60900000,0x000000ed60a00000] [id=22096]
  0x000002714f0ff130 ConcurrentGCThread "G1 Main Marker" [stack: 0x000000ed5e600000,0x000000ed5e700000] [id=7804]
  0x000002714f100810 ConcurrentGCThread "G1 Conc#0" [stack: 0x000000ed5e700000,0x000000ed5e800000] [id=23164]
  0x0000027168aa14d0 ConcurrentGCThread "G1 Conc#1" [stack: 0x000000ed60c00000,0x000000ed60d00000] [id=16932]
  0x00000271688fab70 ConcurrentGCThread "G1 Conc#2" [stack: 0x000000ed60d00000,0x000000ed60e00000] [id=25740]
  0x000002714f179690 ConcurrentGCThread "G1 Refine#0" [stack: 0x000000ed5e800000,0x000000ed5e900000] [id=11336]
  0x00000271688eaa90 ConcurrentGCThread "G1 Refine#1" [stack: 0x000000ed60a00000,0x000000ed60b00000] [id=20872]
  0x0000027167d45720 ConcurrentGCThread "G1 Refine#2" [stack: 0x000000ed60b00000,0x000000ed60c00000] [id=424]
  0x0000027166310200 ConcurrentGCThread "G1 Service" [stack: 0x000000ed5e900000,0x000000ed5ea00000] [id=6272]

Threads with active compile tasks:
C2 CompilerThread0  4118274 2765   !   4       java.io.ObjectOutputStream::writeObject0 (620 bytes)

VM state: not at safepoint (normal execution)

VM Mutex/Monitor currently owned by a thread: None

Heap address: 0x00000000d1200000, size: 750 MB, Compressed Oops mode: 32-bit

CDS archive(s) not mapped
Compressed class space mapped at: 0x0000000100000000-0x0000000140000000, reserved size: 1073741824
Narrow klass base: 0x0000000000000000, Narrow klass shift: 3, Narrow klass range: 0x140000000

GC Precious Log:
 CPUs: 12 total, 12 available
 Memory: 16106M
 Large Page Support: Disabled
 NUMA Support: Disabled
 Compressed Oops: Enabled (32-bit)
 Heap Region Size: 1M
 Heap Min Capacity: 128M
 Heap Initial Capacity: 128M
 Heap Max Capacity: 750M
 Pre-touch: Disabled
 Parallel Workers: 10
 Concurrent Workers: 3
 Concurrent Refinement Workers: 10
 Periodic GC: Disabled

Heap:
 garbage-first heap   total 131072K, used 7752K [0x00000000d1200000, 0x0000000100000000)
  region size 1024K, 2 young (2048K), 0 survivors (0K)
 Metaspace       used 23035K, committed 23296K, reserved 1073152K
  class space    used 2367K, committed 2496K, reserved 1048576K

Heap Regions: E=young(eden), S=young(survivor), O=old, HS=humongous(starts), HC=humongous(continues), CS=collection set, F=free, OA=open archive, CA=closed archive, TAMS=top-at-mark-start (previous, next)
|   0|0x00000000d1200000, 0x00000000d1300000, 0x00000000d1300000|100%| O|  |TAMS 0x00000000d1300000, 0x00000000d1200000| Untracked 
|   1|0x00000000d1300000, 0x00000000d1400000, 0x00000000d1400000|100%| O|  |TAMS 0x00000000d1400000, 0x00000000d1300000| Untracked 
|   2|0x00000000d1400000, 0x00000000d14ffff8, 0x00000000d1500000| 99%| O|  |TAMS 0x00000000d1400000, 0x00000000d1400000| Untracked 
|   3|0x00000000d1500000, 0x00000000d1600000, 0x00000000d1600000|100%| O|  |TAMS 0x00000000d1600000, 0x00000000d1500000| Untracked 
|   4|0x00000000d1600000, 0x00000000d1700000, 0x00000000d1700000|100%| O|  |TAMS 0x00000000d1700000, 0x00000000d1600000| Untracked 
|   5|0x00000000d1700000, 0x00000000d17961e8, 0x00000000d1800000| 58%| O|  |TAMS 0x00000000d1700000, 0x00000000d1700000| Untracked 
|   6|0x00000000d1800000, 0x00000000d184d6b0, 0x00000000d1900000| 30%| O|  |TAMS 0x00000000d1800000, 0x00000000d1800000| Untracked 
|   7|0x00000000d1900000, 0x00000000d1900000, 0x00000000d1a00000|  0%| F|  |TAMS 0x00000000d1900000, 0x00000000d1900000| Untracked 
|   8|0x00000000d1a00000, 0x00000000d1a00000, 0x00000000d1b00000|  0%| F|  |TAMS 0x00000000d1a00000, 0x00000000d1a00000| Untracked 
|   9|0x00000000d1b00000, 0x00000000d1b00000, 0x00000000d1c00000|  0%| F|  |TAMS 0x00000000d1b00000, 0x00000000d1b00000| Untracked 
|  10|0x00000000d1c00000, 0x00000000d1c00000, 0x00000000d1d00000|  0%| F|  |TAMS 0x00000000d1c00000, 0x00000000d1c00000| Untracked 
|  11|0x00000000d1d00000, 0x00000000d1d00000, 0x00000000d1e00000|  0%| F|  |TAMS 0x00000000d1d00000, 0x00000000d1d00000| Untracked 
|  12|0x00000000d1e00000, 0x00000000d1e00000, 0x00000000d1f00000|  0%| F|  |TAMS 0x00000000d1e00000, 0x00000000d1e00000| Untracked 
|  13|0x00000000d1f00000, 0x00000000d1f00000, 0x00000000d2000000|  0%| F|  |TAMS 0x00000000d1f00000, 0x00000000d1f00000| Untracked 
|  14|0x00000000d2000000, 0x00000000d2000000, 0x00000000d2100000|  0%| F|  |TAMS 0x00000000d2000000, 0x00000000d2000000| Untracked 
|  15|0x00000000d2100000, 0x00000000d2100000, 0x00000000d2200000|  0%| F|  |TAMS 0x00000000d2100000, 0x00000000d2100000| Untracked 
|  16|0x00000000d2200000, 0x00000000d2200000, 0x00000000d2300000|  0%| F|  |TAMS 0x00000000d2200000, 0x00000000d2200000| Untracked 
|  17|0x00000000d2300000, 0x00000000d2300000, 0x00000000d2400000|  0%| F|  |TAMS 0x00000000d2300000, 0x00000000d2300000| Untracked 
|  18|0x00000000d2400000, 0x00000000d2400000, 0x00000000d2500000|  0%| F|  |TAMS 0x00000000d2400000, 0x00000000d2400000| Untracked 
|  19|0x00000000d2500000, 0x00000000d2500000, 0x00000000d2600000|  0%| F|  |TAMS 0x00000000d2500000, 0x00000000d2500000| Untracked 
|  20|0x00000000d2600000, 0x00000000d2600000, 0x00000000d2700000|  0%| F|  |TAMS 0x00000000d2600000, 0x00000000d2600000| Untracked 
|  21|0x00000000d2700000, 0x00000000d2700000, 0x00000000d2800000|  0%| F|  |TAMS 0x00000000d2700000, 0x00000000d2700000| Untracked 
|  22|0x00000000d2800000, 0x00000000d2800000, 0x00000000d2900000|  0%| F|  |TAMS 0x00000000d2800000, 0x00000000d2800000| Untracked 
|  23|0x00000000d2900000, 0x00000000d2900000, 0x00000000d2a00000|  0%| F|  |TAMS 0x00000000d2900000, 0x00000000d2900000| Untracked 
|  24|0x00000000d2a00000, 0x00000000d2a00000, 0x00000000d2b00000|  0%| F|  |TAMS 0x00000000d2a00000, 0x00000000d2a00000| Untracked 
|  25|0x00000000d2b00000, 0x00000000d2b00000, 0x00000000d2c00000|  0%| F|  |TAMS 0x00000000d2b00000, 0x00000000d2b00000| Untracked 
|  26|0x00000000d2c00000, 0x00000000d2c00000, 0x00000000d2d00000|  0%| F|  |TAMS 0x00000000d2c00000, 0x00000000d2c00000| Untracked 
|  27|0x00000000d2d00000, 0x00000000d2d00000, 0x00000000d2e00000|  0%| F|  |TAMS 0x00000000d2d00000, 0x00000000d2d00000| Untracked 
|  28|0x00000000d2e00000, 0x00000000d2e00000, 0x00000000d2f00000|  0%| F|  |TAMS 0x00000000d2e00000, 0x00000000d2e00000| Untracked 
|  29|0x00000000d2f00000, 0x00000000d2f00000, 0x00000000d3000000|  0%| F|  |TAMS 0x00000000d2f00000, 0x00000000d2f00000| Untracked 
|  30|0x00000000d3000000, 0x00000000d3000000, 0x00000000d3100000|  0%| F|  |TAMS 0x00000000d3000000, 0x00000000d3000000| Untracked 
|  31|0x00000000d3100000, 0x00000000d3100000, 0x00000000d3200000|  0%| F|  |TAMS 0x00000000d3100000, 0x00000000d3100000| Untracked 
|  32|0x00000000d3200000, 0x00000000d3200000, 0x00000000d3300000|  0%| F|  |TAMS 0x00000000d3200000, 0x00000000d3200000| Untracked 
|  33|0x00000000d3300000, 0x00000000d3300000, 0x00000000d3400000|  0%| F|  |TAMS 0x00000000d3300000, 0x00000000d3300000| Untracked 
|  34|0x00000000d3400000, 0x00000000d3400000, 0x00000000d3500000|  0%| F|  |TAMS 0x00000000d3400000, 0x00000000d3400000| Untracked 
|  35|0x00000000d3500000, 0x00000000d3500000, 0x00000000d3600000|  0%| F|  |TAMS 0x00000000d3500000, 0x00000000d3500000| Untracked 
|  36|0x00000000d3600000, 0x00000000d3600000, 0x00000000d3700000|  0%| F|  |TAMS 0x00000000d3600000, 0x00000000d3600000| Untracked 
|  37|0x00000000d3700000, 0x00000000d3700000, 0x00000000d3800000|  0%| F|  |TAMS 0x00000000d3700000, 0x00000000d3700000| Untracked 
|  38|0x00000000d3800000, 0x00000000d3800000, 0x00000000d3900000|  0%| F|  |TAMS 0x00000000d3800000, 0x00000000d3800000| Untracked 
|  39|0x00000000d3900000, 0x00000000d3900000, 0x00000000d3a00000|  0%| F|  |TAMS 0x00000000d3900000, 0x00000000d3900000| Untracked 
|  40|0x00000000d3a00000, 0x00000000d3a00000, 0x00000000d3b00000|  0%| F|  |TAMS 0x00000000d3a00000, 0x00000000d3a00000| Untracked 
|  41|0x00000000d3b00000, 0x00000000d3b00000, 0x00000000d3c00000|  0%| F|  |TAMS 0x00000000d3b00000, 0x00000000d3b00000| Untracked 
|  42|0x00000000d3c00000, 0x00000000d3c00000, 0x00000000d3d00000|  0%| F|  |TAMS 0x00000000d3c00000, 0x00000000d3c00000| Untracked 
|  43|0x00000000d3d00000, 0x00000000d3d00000, 0x00000000d3e00000|  0%| F|  |TAMS 0x00000000d3d00000, 0x00000000d3d00000| Untracked 
|  44|0x00000000d3e00000, 0x00000000d3e00000, 0x00000000d3f00000|  0%| F|  |TAMS 0x00000000d3e00000, 0x00000000d3e00000| Untracked 
|  45|0x00000000d3f00000, 0x00000000d3f00000, 0x00000000d4000000|  0%| F|  |TAMS 0x00000000d3f00000, 0x00000000d3f00000| Untracked 
|  46|0x00000000d4000000, 0x00000000d4000000, 0x00000000d4100000|  0%| F|  |TAMS 0x00000000d4000000, 0x00000000d4000000| Untracked 
|  47|0x00000000d4100000, 0x00000000d4100000, 0x00000000d4200000|  0%| F|  |TAMS 0x00000000d4100000, 0x00000000d4100000| Untracked 
|  48|0x00000000d4200000, 0x00000000d4200000, 0x00000000d4300000|  0%| F|  |TAMS 0x00000000d4200000, 0x00000000d4200000| Untracked 
|  49|0x00000000d4300000, 0x00000000d4300000, 0x00000000d4400000|  0%| F|  |TAMS 0x00000000d4300000, 0x00000000d4300000| Untracked 
|  50|0x00000000d4400000, 0x00000000d4400000, 0x00000000d4500000|  0%| F|  |TAMS 0x00000000d4400000, 0x00000000d4400000| Untracked 
|  51|0x00000000d4500000, 0x00000000d4500000, 0x00000000d4600000|  0%| F|  |TAMS 0x00000000d4500000, 0x00000000d4500000| Untracked 
|  52|0x00000000d4600000, 0x00000000d4600000, 0x00000000d4700000|  0%| F|  |TAMS 0x00000000d4600000, 0x00000000d4600000| Untracked 
|  53|0x00000000d4700000, 0x00000000d4700000, 0x00000000d4800000|  0%| F|  |TAMS 0x00000000d4700000, 0x00000000d4700000| Untracked 
|  54|0x00000000d4800000, 0x00000000d4800000, 0x00000000d4900000|  0%| F|  |TAMS 0x00000000d4800000, 0x00000000d4800000| Untracked 
|  55|0x00000000d4900000, 0x00000000d4900000, 0x00000000d4a00000|  0%| F|  |TAMS 0x00000000d4900000, 0x00000000d4900000| Untracked 
|  56|0x00000000d4a00000, 0x00000000d4a00000, 0x00000000d4b00000|  0%| F|  |TAMS 0x00000000d4a00000, 0x00000000d4a00000| Untracked 
|  57|0x00000000d4b00000, 0x00000000d4b00000, 0x00000000d4c00000|  0%| F|  |TAMS 0x00000000d4b00000, 0x00000000d4b00000| Untracked 
|  58|0x00000000d4c00000, 0x00000000d4c00000, 0x00000000d4d00000|  0%| F|  |TAMS 0x00000000d4c00000, 0x00000000d4c00000| Untracked 
|  59|0x00000000d4d00000, 0x00000000d4d00000, 0x00000000d4e00000|  0%| F|  |TAMS 0x00000000d4d00000, 0x00000000d4d00000| Untracked 
|  60|0x00000000d4e00000, 0x00000000d4e00000, 0x00000000d4f00000|  0%| F|  |TAMS 0x00000000d4e00000, 0x00000000d4e00000| Untracked 
|  61|0x00000000d4f00000, 0x00000000d4f00000, 0x00000000d5000000|  0%| F|  |TAMS 0x00000000d4f00000, 0x00000000d4f00000| Untracked 
|  62|0x00000000d5000000, 0x00000000d5000000, 0x00000000d5100000|  0%| F|  |TAMS 0x00000000d5000000, 0x00000000d5000000| Untracked 
|  63|0x00000000d5100000, 0x00000000d5100000, 0x00000000d5200000|  0%| F|  |TAMS 0x00000000d5100000, 0x00000000d5100000| Untracked 
|  64|0x00000000d5200000, 0x00000000d5200000, 0x00000000d5300000|  0%| F|  |TAMS 0x00000000d5200000, 0x00000000d5200000| Untracked 
|  65|0x00000000d5300000, 0x00000000d5300000, 0x00000000d5400000|  0%| F|  |TAMS 0x00000000d5300000, 0x00000000d5300000| Untracked 
|  66|0x00000000d5400000, 0x00000000d5400000, 0x00000000d5500000|  0%| F|  |TAMS 0x00000000d5400000, 0x00000000d5400000| Untracked 
|  67|0x00000000d5500000, 0x00000000d5500000, 0x00000000d5600000|  0%| F|  |TAMS 0x00000000d5500000, 0x00000000d5500000| Untracked 
|  68|0x00000000d5600000, 0x00000000d5600000, 0x00000000d5700000|  0%| F|  |TAMS 0x00000000d5600000, 0x00000000d5600000| Untracked 
|  69|0x00000000d5700000, 0x00000000d5700000, 0x00000000d5800000|  0%| F|  |TAMS 0x00000000d5700000, 0x00000000d5700000| Untracked 
|  70|0x00000000d5800000, 0x00000000d5800000, 0x00000000d5900000|  0%| F|  |TAMS 0x00000000d5800000, 0x00000000d5800000| Untracked 
|  71|0x00000000d5900000, 0x00000000d5900000, 0x00000000d5a00000|  0%| F|  |TAMS 0x00000000d5900000, 0x00000000d5900000| Untracked 
|  72|0x00000000d5a00000, 0x00000000d5a00000, 0x00000000d5b00000|  0%| F|  |TAMS 0x00000000d5a00000, 0x00000000d5a00000| Untracked 
|  73|0x00000000d5b00000, 0x00000000d5b00000, 0x00000000d5c00000|  0%| F|  |TAMS 0x00000000d5b00000, 0x00000000d5b00000| Untracked 
|  74|0x00000000d5c00000, 0x00000000d5c00000, 0x00000000d5d00000|  0%| F|  |TAMS 0x00000000d5c00000, 0x00000000d5c00000| Untracked 
|  75|0x00000000d5d00000, 0x00000000d5d00000, 0x00000000d5e00000|  0%| F|  |TAMS 0x00000000d5d00000, 0x00000000d5d00000| Untracked 
|  76|0x00000000d5e00000, 0x00000000d5e00000, 0x00000000d5f00000|  0%| F|  |TAMS 0x00000000d5e00000, 0x00000000d5e00000| Untracked 
|  77|0x00000000d5f00000, 0x00000000d5f00000, 0x00000000d6000000|  0%| F|  |TAMS 0x00000000d5f00000, 0x00000000d5f00000| Untracked 
|  78|0x00000000d6000000, 0x00000000d6000000, 0x00000000d6100000|  0%| F|  |TAMS 0x00000000d6000000, 0x00000000d6000000| Untracked 
|  79|0x00000000d6100000, 0x00000000d6100000, 0x00000000d6200000|  0%| F|  |TAMS 0x00000000d6100000, 0x00000000d6100000| Untracked 
|  80|0x00000000d6200000, 0x00000000d6200000, 0x00000000d6300000|  0%| F|  |TAMS 0x00000000d6200000, 0x00000000d6200000| Untracked 
|  81|0x00000000d6300000, 0x00000000d6300000, 0x00000000d6400000|  0%| F|  |TAMS 0x00000000d6300000, 0x00000000d6300000| Untracked 
|  82|0x00000000d6400000, 0x00000000d6400000, 0x00000000d6500000|  0%| F|  |TAMS 0x00000000d6400000, 0x00000000d6400000| Untracked 
|  83|0x00000000d6500000, 0x00000000d6500000, 0x00000000d6600000|  0%| F|  |TAMS 0x00000000d6500000, 0x00000000d6500000| Untracked 
|  84|0x00000000d6600000, 0x00000000d6600000, 0x00000000d6700000|  0%| F|  |TAMS 0x00000000d6600000, 0x00000000d6600000| Untracked 
|  85|0x00000000d6700000, 0x00000000d6700000, 0x00000000d6800000|  0%| F|  |TAMS 0x00000000d6700000, 0x00000000d6700000| Untracked 
|  86|0x00000000d6800000, 0x00000000d6800000, 0x00000000d6900000|  0%| F|  |TAMS 0x00000000d6800000, 0x00000000d6800000| Untracked 
|  87|0x00000000d6900000, 0x00000000d6900000, 0x00000000d6a00000|  0%| F|  |TAMS 0x00000000d6900000, 0x00000000d6900000| Untracked 
|  88|0x00000000d6a00000, 0x00000000d6a00000, 0x00000000d6b00000|  0%| F|  |TAMS 0x00000000d6a00000, 0x00000000d6a00000| Untracked 
|  89|0x00000000d6b00000, 0x00000000d6b00000, 0x00000000d6c00000|  0%| F|  |TAMS 0x00000000d6b00000, 0x00000000d6b00000| Untracked 
|  90|0x00000000d6c00000, 0x00000000d6c00000, 0x00000000d6d00000|  0%| F|  |TAMS 0x00000000d6c00000, 0x00000000d6c00000| Untracked 
|  91|0x00000000d6d00000, 0x00000000d6d00000, 0x00000000d6e00000|  0%| F|  |TAMS 0x00000000d6d00000, 0x00000000d6d00000| Untracked 
|  92|0x00000000d6e00000, 0x00000000d6e00000, 0x00000000d6f00000|  0%| F|  |TAMS 0x00000000d6e00000, 0x00000000d6e00000| Untracked 
|  93|0x00000000d6f00000, 0x00000000d6f00000, 0x00000000d7000000|  0%| F|  |TAMS 0x00000000d6f00000, 0x00000000d6f00000| Untracked 
|  94|0x00000000d7000000, 0x00000000d7000000, 0x00000000d7100000|  0%| F|  |TAMS 0x00000000d7000000, 0x00000000d7000000| Untracked 
|  95|0x00000000d7100000, 0x00000000d7100000, 0x00000000d7200000|  0%| F|  |TAMS 0x00000000d7100000, 0x00000000d7100000| Untracked 
|  96|0x00000000d7200000, 0x00000000d7200000, 0x00000000d7300000|  0%| F|  |TAMS 0x00000000d7200000, 0x00000000d7200000| Untracked 
|  97|0x00000000d7300000, 0x00000000d7300000, 0x00000000d7400000|  0%| F|  |TAMS 0x00000000d7300000, 0x00000000d7300000| Untracked 
|  98|0x00000000d7400000, 0x00000000d7400000, 0x00000000d7500000|  0%| F|  |TAMS 0x00000000d7400000, 0x00000000d7400000| Untracked 
|  99|0x00000000d7500000, 0x00000000d7500000, 0x00000000d7600000|  0%| F|  |TAMS 0x00000000d7500000, 0x00000000d7500000| Untracked 
| 100|0x00000000d7600000, 0x00000000d7600000, 0x00000000d7700000|  0%| F|  |TAMS 0x00000000d7600000, 0x00000000d7600000| Untracked 
| 101|0x00000000d7700000, 0x00000000d7700000, 0x00000000d7800000|  0%| F|  |TAMS 0x00000000d7700000, 0x00000000d7700000| Untracked 
| 102|0x00000000d7800000, 0x00000000d7800000, 0x00000000d7900000|  0%| F|  |TAMS 0x00000000d7800000, 0x00000000d7800000| Untracked 
| 103|0x00000000d7900000, 0x00000000d7900000, 0x00000000d7a00000|  0%| F|  |TAMS 0x00000000d7900000, 0x00000000d7900000| Untracked 
| 104|0x00000000d7a00000, 0x00000000d7aae818, 0x00000000d7b00000| 68%| O|  |TAMS 0x00000000d7a00000, 0x00000000d7a00000| Untracked 
| 105|0x00000000d7b00000, 0x00000000d7b00000, 0x00000000d7c00000|  0%| F|  |TAMS 0x00000000d7b00000, 0x00000000d7b00000| Untracked 
| 106|0x00000000d7c00000, 0x00000000d7c00000, 0x00000000d7d00000|  0%| F|  |TAMS 0x00000000d7c00000, 0x00000000d7c00000| Untracked 
| 107|0x00000000d7d00000, 0x00000000d7d00000, 0x00000000d7e00000|  0%| F|  |TAMS 0x00000000d7d00000, 0x00000000d7d00000| Untracked 
| 108|0x00000000d7e00000, 0x00000000d7e00000, 0x00000000d7f00000|  0%| F|  |TAMS 0x00000000d7e00000, 0x00000000d7e00000| Untracked 
| 109|0x00000000d7f00000, 0x00000000d7f00000, 0x00000000d8000000|  0%| F|  |TAMS 0x00000000d7f00000, 0x00000000d7f00000| Untracked 
| 110|0x00000000d8000000, 0x00000000d8000000, 0x00000000d8100000|  0%| F|  |TAMS 0x00000000d8000000, 0x00000000d8000000| Untracked 
| 111|0x00000000d8100000, 0x00000000d8100000, 0x00000000d8200000|  0%| F|  |TAMS 0x00000000d8100000, 0x00000000d8100000| Untracked 
| 112|0x00000000d8200000, 0x00000000d8200000, 0x00000000d8300000|  0%| F|  |TAMS 0x00000000d8200000, 0x00000000d8200000| Untracked 
| 113|0x00000000d8300000, 0x00000000d8300000, 0x00000000d8400000|  0%| F|  |TAMS 0x00000000d8300000, 0x00000000d8300000| Untracked 
| 114|0x00000000d8400000, 0x00000000d8400000, 0x00000000d8500000|  0%| F|  |TAMS 0x00000000d8400000, 0x00000000d8400000| Untracked 
| 115|0x00000000d8500000, 0x00000000d8500000, 0x00000000d8600000|  0%| F|  |TAMS 0x00000000d8500000, 0x00000000d8500000| Untracked 
| 116|0x00000000d8600000, 0x00000000d8600000, 0x00000000d8700000|  0%| F|  |TAMS 0x00000000d8600000, 0x00000000d8600000| Untracked 
| 117|0x00000000d8700000, 0x00000000d8700000, 0x00000000d8800000|  0%| F|  |TAMS 0x00000000d8700000, 0x00000000d8700000| Untracked 
| 118|0x00000000d8800000, 0x00000000d8800000, 0x00000000d8900000|  0%| F|  |TAMS 0x00000000d8800000, 0x00000000d8800000| Untracked 
| 119|0x00000000d8900000, 0x00000000d8900000, 0x00000000d8a00000|  0%| F|  |TAMS 0x00000000d8900000, 0x00000000d8900000| Untracked 
| 120|0x00000000d8a00000, 0x00000000d8a00000, 0x00000000d8b00000|  0%| F|  |TAMS 0x00000000d8a00000, 0x00000000d8a00000| Untracked 
| 121|0x00000000d8b00000, 0x00000000d8b00000, 0x00000000d8c00000|  0%| F|  |TAMS 0x00000000d8b00000, 0x00000000d8b00000| Untracked 
| 122|0x00000000d8c00000, 0x00000000d8c00000, 0x00000000d8d00000|  0%| F|  |TAMS 0x00000000d8c00000, 0x00000000d8c00000| Untracked 
| 123|0x00000000d8d00000, 0x00000000d8d00000, 0x00000000d8e00000|  0%| F|  |TAMS 0x00000000d8d00000, 0x00000000d8d00000| Untracked 
| 124|0x00000000d8e00000, 0x00000000d8e00000, 0x00000000d8f00000|  0%| F|  |TAMS 0x00000000d8e00000, 0x00000000d8e00000| Untracked 
| 125|0x00000000d8f00000, 0x00000000d8f00000, 0x00000000d9000000|  0%| F|  |TAMS 0x00000000d8f00000, 0x00000000d8f00000| Untracked 
| 126|0x00000000d9000000, 0x00000000d9100000, 0x00000000d9100000|100%| E|  |TAMS 0x00000000d9000000, 0x00000000d9000000| Complete 
| 127|0x00000000d9100000, 0x00000000d9200000, 0x00000000d9200000|100%| E|CS|TAMS 0x00000000d9100000, 0x00000000d9100000| Complete 

Card table byte_map: [0x0000027161dd0000,0x0000027161f50000] _byte_map_base: 0x0000027161747000

Marking Bits (Prev, Next): (CMBitMap*) 0x000002714f0f8a40, (CMBitMap*) 0x000002714f0f8a80
 Prev Bits: [0x00000271620d0000, 0x0000027162c88000)
 Next Bits: [0x0000027162c90000, 0x0000027163848000)

Polling page: 0x000002714cd30000

Metaspace:

Usage:
  Non-class:     20.18 MB used.
      Class:      2.31 MB used.
       Both:     22.50 MB used.

Virtual space:
  Non-class space:       24.00 MB reserved,      20.31 MB ( 85%) committed,  3 nodes.
      Class space:        1.00 GB reserved,       2.44 MB ( <1%) committed,  1 nodes.
             Both:        1.02 GB reserved,      22.75 MB (  2%) committed. 

Chunk freelists:
   Non-Class:  2.82 MB
       Class:  1.57 MB
        Both:  4.39 MB

MaxMetaspaceSize: unlimited
CompressedClassSpaceSize: 1.00 GB
Initial GC threshold: 21.00 MB
Current GC threshold: 37.94 MB
CDS: off
MetaspaceReclaimPolicy: balanced
 - commit_granule_bytes: 65536.
 - commit_granule_words: 8192.
 - virtual_space_node_default_size: 1048576.
 - enlarge_chunks_in_place: 1.
 - new_chunks_are_fully_committed: 0.
 - uncommit_free_chunks: 1.
 - use_allocation_guard: 0.
 - handle_deallocations: 1.


Internal statistics:

num_allocs_failed_limit: 3.
num_arena_births: 294.
num_arena_deaths: 0.
num_vsnodes_births: 4.
num_vsnodes_deaths: 0.
num_space_committed: 364.
num_space_uncommitted: 0.
num_chunks_returned_to_freelist: 3.
num_chunks_taken_from_freelist: 645.
num_chunk_merges: 3.
num_chunk_splits: 381.
num_chunks_enlarged: 192.
num_purges: 0.
num_inconsistent_stats: 0.

CodeHeap 'non-profiled nmethods': size=120000Kb used=1083Kb max_used=1083Kb free=118916Kb
 bounds [0x000002715a2e0000, 0x000002715a550000, 0x0000027161810000]
CodeHeap 'profiled nmethods': size=120000Kb used=5556Kb max_used=5556Kb free=114443Kb
 bounds [0x0000027152db0000, 0x0000027153320000, 0x000002715a2e0000]
CodeHeap 'non-nmethods': size=5760Kb used=1243Kb max_used=1275Kb free=4516Kb
 bounds [0x0000027152810000, 0x0000027152a80000, 0x0000027152db0000]
 total_blobs=3299 nmethods=2762 adapters=449
 compilation: enabled
              stopped_count=0, restarted_count=0
 full_count=0

Compilation events (20 events):
Event: 3421.158 Thread 0x00000271664e44b0 nmethod 2752 0x0000027153318890 code [0x0000027153318a20, 0x0000027153318c78]
Event: 3421.159 Thread 0x00000271664e44b0 2753       3       jdk.internal.misc.InnocuousThread::eraseThreadLocals (23 bytes)
Event: 3421.159 Thread 0x00000271664e44b0 nmethod 2753 0x0000027153318d90 code [0x0000027153318f20, 0x0000027153319118]
Event: 3476.343 Thread 0x00000271664e3040 2754       4       java.io.ObjectOutputStream$BlockDataOutputStream::writeLong (48 bytes)
Event: 3476.344 Thread 0x00000271664e3040 nmethod 2754 0x000002715a3ec990 code [0x000002715a3ecb00, 0x000002715a3ecc98]
Event: 3753.358 Thread 0x00000271664e3040 2755       4       java.io.ObjectInputStream$BlockDataInputStream::peek (55 bytes)
Event: 3753.371 Thread 0x00000271664e3040 nmethod 2755 0x000002715a3ece10 code [0x000002715a3ecfc0, 0x000002715a3ed9c8]
Event: 3818.661 Thread 0x00000271664e44b0 2756       3       java.util.concurrent.FutureTask::done (1 bytes)
Event: 3818.661 Thread 0x00000271664e44b0 nmethod 2756 0x0000027153319190 code [0x0000027153319320, 0x0000027153319438]
Event: 4055.625 Thread 0x00000271664e3040 2757       4       java.io.ObjectInputStream$BlockDataInputStream::readByte (20 bytes)
Event: 4055.631 Thread 0x00000271664e3040 nmethod 2757 0x000002715a3ede10 code [0x000002715a3edfa0, 0x000002715a3ee048]
Event: 4070.963 Thread 0x00000271664e44b0 2758   !   3       java.util.concurrent.FutureTask::cancel (88 bytes)
Event: 4070.988 Thread 0x00000271664e44b0 nmethod 2758 0x0000027153319510 code [0x00000271533197a0, 0x000002715331a548]
Event: 4070.988 Thread 0x00000271664e44b0 2759       3       java.lang.invoke.VarHandleGuards::guard_LII_Z (86 bytes)
Event: 4071.015 Thread 0x00000271664e44b0 nmethod 2759 0x000002715331aa10 code [0x000002715331ad60, 0x000002715331ca88]
Event: 4091.644 Thread 0x00000271664e3040 2763       4       jdk.internal.misc.Unsafe::putReferenceOpaque (9 bytes)
Event: 4091.645 Thread 0x00000271664e3040 nmethod 2763 0x000002715a3ee410 code [0x000002715a3ee580, 0x000002715a3ee6b8]
Event: 4106.993 Thread 0x00000271664e3040 2764       4       java.lang.ThreadLocal::set (30 bytes)
Event: 4107.004 Thread 0x00000271664e3040 nmethod 2764 0x000002715a3ee710 code [0x000002715a3ee8a0, 0x000002715a3eead8]
Event: 4116.007 Thread 0x00000271664e3040 2765   !   4       java.io.ObjectOutputStream::writeObject0 (620 bytes)

GC Heap History (6 events):
Event: 0.844 GC heap before
{Heap before GC invocations=0 (full 0):
 garbage-first heap   total 131072K, used 22528K [0x00000000d1200000, 0x0000000100000000)
  region size 1024K, 23 young (23552K), 0 survivors (0K)
 Metaspace       used 19797K, committed 20096K, reserved 1073152K
  class space    used 2107K, committed 2240K, reserved 1048576K
}
Event: 0.848 GC heap after
{Heap after GC invocations=1 (full 0):
 garbage-first heap   total 131072K, used 5456K [0x00000000d1200000, 0x0000000100000000)
  region size 1024K, 3 young (3072K), 3 survivors (3072K)
 Metaspace       used 19797K, committed 20096K, reserved 1073152K
  class space    used 2107K, committed 2240K, reserved 1048576K
}
Event: 0.930 GC heap before
{Heap before GC invocations=1 (full 0):
 garbage-first heap   total 131072K, used 8528K [0x00000000d1200000, 0x0000000100000000)
  region size 1024K, 7 young (7168K), 3 survivors (3072K)
 Metaspace       used 21310K, committed 21504K, reserved 1073152K
  class space    used 2272K, committed 2368K, reserved 1048576K
}
Event: 0.932 GC heap after
{Heap after GC invocations=2 (full 0):
 garbage-first heap   total 131072K, used 6140K [0x00000000d1200000, 0x0000000100000000)
  region size 1024K, 1 young (1024K), 1 survivors (1024K)
 Metaspace       used 21310K, committed 21504K, reserved 1073152K
  class space    used 2272K, committed 2368K, reserved 1048576K
}
Event: 3600.938 GC heap before
{Heap before GC invocations=3 (full 0):
 garbage-first heap   total 131072K, used 38908K [0x00000000d1200000, 0x0000000100000000)
  region size 1024K, 34 young (34816K), 1 survivors (1024K)
 Metaspace       used 23034K, committed 23296K, reserved 1073152K
  class space    used 2367K, committed 2496K, reserved 1048576K
}
Event: 3600.965 GC heap after
{Heap after GC invocations=4 (full 1):
 garbage-first heap   total 131072K, used 6728K [0x00000000d1200000, 0x0000000100000000)
  region size 1024K, 0 young (0K), 0 survivors (0K)
 Metaspace       used 23034K, committed 23296K, reserved 1073152K
  class space    used 2367K, committed 2496K, reserved 1048576K
}

Deoptimization events (20 events):
Event: 139.907 Thread 0x00000271679e6f20 DEOPT PACKING pc=0x000002715300e171 sp=0x000000ed5fefcc00
Event: 139.907 Thread 0x00000271679e6f20 DEOPT UNPACKING pc=0x0000027152866763 sp=0x000000ed5fefc030 mode 0
Event: 139.907 Thread 0x00000271679e6f20 DEOPT PACKING pc=0x000002715300e13e sp=0x000000ed5fefcc00
Event: 139.907 Thread 0x00000271679e6f20 DEOPT UNPACKING pc=0x0000027152866763 sp=0x000000ed5fefc030 mode 0
Event: 139.917 Thread 0x00000271679e6f20 Uncommon trap: trap_request=0xffffff45 fr.pc=0x000002715a333a7c relative=0x000000000000065c
Event: 139.917 Thread 0x00000271679e6f20 Uncommon trap: reason=unstable_if action=reinterpret pc=0x000002715a333a7c method=java.lang.AbstractStringBuilder.append(Ljava/lang/String;)Ljava/lang/AbstractStringBuilder; @ 1 c2
Event: 139.917 Thread 0x00000271679e6f20 DEOPT PACKING pc=0x000002715a333a7c sp=0x000000ed5fefdc60
Event: 139.917 Thread 0x00000271679e6f20 DEOPT UNPACKING pc=0x0000027152865c23 sp=0x000000ed5fefdc38 mode 2
Event: 157.621 Thread 0x00000271679e6f20 Uncommon trap: trap_request=0xffffff45 fr.pc=0x000002715a3376c8 relative=0x00000000000000a8
Event: 157.621 Thread 0x00000271679e6f20 Uncommon trap: reason=unstable_if action=reinterpret pc=0x000002715a3376c8 method=java.lang.CharacterDataLatin1.digit(II)I @ 12 c2
Event: 157.621 Thread 0x00000271679e6f20 DEOPT PACKING pc=0x000002715a3376c8 sp=0x000000ed5fefd820
Event: 157.621 Thread 0x00000271679e6f20 DEOPT UNPACKING pc=0x0000027152865c23 sp=0x000000ed5fefd798 mode 2
Event: 166.352 Thread 0x00000271679e6f20 DEOPT PACKING pc=0x00000271530148ee sp=0x000000ed5fefd530
Event: 166.352 Thread 0x00000271679e6f20 DEOPT UNPACKING pc=0x0000027152866763 sp=0x000000ed5fefc988 mode 0
Event: 180.379 Thread 0x00000271679e6f20 Uncommon trap: trap_request=0xffffffbe fr.pc=0x000002715a3c05d0 relative=0x0000000000000b50
Event: 180.379 Thread 0x00000271679e6f20 Uncommon trap: reason=profile_predicate action=maybe_recompile pc=0x000002715a3c05d0 method=java.util.TreeMap.getEntry(Ljava/lang/Object;)Ljava/util/TreeMap$Entry; @ 29 c2
Event: 180.379 Thread 0x00000271679e6f20 DEOPT PACKING pc=0x000002715a3c05d0 sp=0x000000ed5fefd7b0
Event: 180.379 Thread 0x00000271679e6f20 DEOPT UNPACKING pc=0x0000027152865c23 sp=0x000000ed5fefd758 mode 2
Event: 180.397 Thread 0x00000271679e6f20 DEOPT PACKING pc=0x0000027153013dc3 sp=0x000000ed5fefe000
Event: 180.397 Thread 0x00000271679e6f20 DEOPT UNPACKING pc=0x0000027152866763 sp=0x000000ed5fefd488 mode 0

Classes unloaded (0 events):
No events

Classes redefined (0 events):
No events

Internal exceptions (20 events):
Event: 0.174 Thread 0x000002714f0c2110 Exception <a 'java/lang/NoSuchMethodError'{0x00000000d8d022e8}: 'java.lang.Object java.lang.invoke.DirectMethodHandle$Holder.invokeStaticInit(java.lang.Object)'> (0x00000000d8d022e8) 
thrown [s\src\hotspot\share\interpreter\linkResolver.cpp, line 778]
Event: 0.210 Thread 0x000002714f0c2110 Exception <a 'java/lang/NoSuchMethodError'{0x00000000d8d91da0}: 'java.lang.Object java.lang.invoke.DirectMethodHandle$Holder.invokeStaticInit(java.lang.Object, int, int, int, int)'> (0x00000000d8d91da0) 
thrown [s\src\hotspot\share\interpreter\linkResolver.cpp, line 778]
Event: 0.324 Thread 0x000002714f0c2110 Exception <a 'java/lang/NoSuchMethodError'{0x00000000d8c61d60}: 'java.lang.Object java.lang.invoke.DirectMethodHandle$Holder.invokeStaticInit(java.lang.Object, java.lang.Object, int, int, int, int)'> (0x00000000d8c61d60) 
thrown [s\src\hotspot\share\interpreter\linkResolver.cpp, line 778]
Event: 0.338 Thread 0x000002714f0c2110 Exception <a 'java/lang/NoSuchMethodError'{0x00000000d8c9ba08}: 'void java.lang.invoke.DirectMethodHandle$Holder.invokeStatic(java.lang.Object, java.lang.Object)'> (0x00000000d8c9ba08) 
thrown [s\src\hotspot\share\interpreter\linkResolver.cpp, line 778]
Event: 0.373 Thread 0x000002714f0c2110 Exception <a 'java/lang/NoSuchMethodError'{0x00000000d8a848c8}: 'java.lang.Object java.lang.invoke.Invokers$Holder.linkToTargetMethod(java.lang.Object, long, java.lang.Object)'> (0x00000000d8a848c8) 
thrown [s\src\hotspot\share\interpreter\linkResolver.cpp, line 778]
Event: 0.406 Thread 0x00000271679e6f20 Exception <a 'java/lang/NoSuchMethodError'{0x00000000d880eac8}: static [B.<clinit>()V> (0x00000000d880eac8) 
thrown [s\src\hotspot\share\prims\jni.cpp, line 1108]
Event: 0.552 Thread 0x00000271679e6f20 Exception <a 'java/lang/NoSuchMethodError'{0x00000000d8669638}: 'java.lang.Object java.lang.invoke.DirectMethodHandle$Holder.invokeInterface(java.lang.Object, java.lang.Object)'> (0x00000000d8669638) 
thrown [s\src\hotspot\share\interpreter\linkResolver.cpp, line 778]
Event: 0.568 Thread 0x00000271679e6f20 Exception <a 'java/lang/NoSuchMethodError'{0x00000000d86ed438}: 'void java.lang.invoke.DirectMethodHandle$Holder.invokeSpecial(java.lang.Object, java.lang.Object, java.lang.Object)'> (0x00000000d86ed438) 
thrown [s\src\hotspot\share\interpreter\linkResolver.cpp, line 778]
Event: 0.569 Thread 0x00000271679e6f20 Exception <a 'java/lang/NoSuchMethodError'{0x00000000d86f4158}: 'void java.lang.invoke.DirectMethodHandle$Holder.invokeStatic(java.lang.Object, java.lang.Object, java.lang.Object)'> (0x00000000d86f4158) 
thrown [s\src\hotspot\share\interpreter\linkResolver.cpp, line 778]
Event: 0.571 Thread 0x00000271679e6f20 Exception <a 'java/lang/NoSuchMethodError'{0x00000000d86fe530}: 'java.lang.Object java.lang.invoke.DirectMethodHandle$Holder.invokeVirtual(java.lang.Object, java.lang.Object, java.lang.Object)'> (0x00000000d86fe530) 
thrown [s\src\hotspot\share\interpreter\linkResolver.cpp, line 778]
Event: 0.680 Thread 0x00000271679e6f20 Exception <a 'java/lang/NoSuchMethodError'{0x00000000d80d4b10}: 'void java.lang.invoke.DirectMethodHandle$Holder.invokeStaticInit(java.lang.Object, java.lang.Object)'> (0x00000000d80d4b10) 
thrown [s\src\hotspot\share\interpreter\linkResolver.cpp, line 778]
Event: 0.709 Thread 0x00000271679e6f20 Exception <a 'sun/nio/fs/WindowsException'{0x00000000d7e1cf90}> (0x00000000d7e1cf90) 
thrown [s\src\hotspot\share\prims\jni.cpp, line 517]
Event: 0.716 Thread 0x00000271679e6f20 Exception <a 'java/lang/NoSuchMethodError'{0x00000000d7e41370}: 'int java.lang.invoke.DirectMethodHandle$Holder.invokeStaticInit(java.lang.Object, java.lang.Object, java.lang.Object, java.lang.Object)'> (0x00000000d7e41370) 
thrown [s\src\hotspot\share\interpreter\linkResolver.cpp, line 778]
Event: 0.717 Thread 0x00000271679e6f20 Exception <a 'java/lang/IncompatibleClassChangeError'{0x00000000d7e4a7c0}: Found class java.lang.Object, but interface was expected> (0x00000000d7e4a7c0) 
thrown [s\src\hotspot\share\interpreter\linkResolver.cpp, line 845]
Event: 0.717 Thread 0x00000271679e6f20 Exception <a 'java/lang/NoSuchMethodError'{0x00000000d7e4fc48}: 'int java.lang.invoke.DirectMethodHandle$Holder.invokeStaticInit(java.lang.Object, java.lang.Object)'> (0x00000000d7e4fc48) 
thrown [s\src\hotspot\share\interpreter\linkResolver.cpp, line 778]
Event: 0.767 Thread 0x00000271679e6f20 Exception <a 'java/lang/NoSuchMethodError'{0x00000000d7c99b28}: 'int java.lang.invoke.DirectMethodHandle$Holder.invokeSpecial(java.lang.Object, java.lang.Object, java.lang.Object)'> (0x00000000d7c99b28) 
thrown [s\src\hotspot\share\interpreter\linkResolver.cpp, line 778]
Event: 0.914 Thread 0x00000271679e6f20 Implicit null exception at 0x000002715a30d055 to 0x000002715a30d67c
Event: 1.184 Thread 0x00000271679e6f20 Exception <a 'java/lang/NoSuchMethodError'{0x00000000d8b88028}: static Lcom/intellij/database/remote/jdbc/RemoteResultSet$DataRetrievingOptions;.<clinit>()V> (0x00000000d8b88028) 
thrown [s\src\hotspot\share\prims\jni.cpp, line 1108]
Event: 1.195 Thread 0x00000271679e6f20 Exception <a 'java/lang/NoSuchMethodError'{0x00000000d8a0fd98}: static [Ljava/lang/Object;.<clinit>()V> (0x00000000d8a0fd98) 
thrown [s\src\hotspot\share\prims\jni.cpp, line 1108]
Event: 139.917 Thread 0x00000271679e6f20 Implicit null exception at 0x000002715a333452 to 0x000002715a333a64

VM Operations (20 events):
Event: 1513.936 Executing VM operation: Cleanup
Event: 1513.937 Executing VM operation: Cleanup done
Event: 1523.011 Executing VM operation: Cleanup
Event: 1523.011 Executing VM operation: Cleanup done
Event: 1738.475 Executing VM operation: Cleanup
Event: 1738.475 Executing VM operation: Cleanup done
Event: 1969.501 Executing VM operation: Cleanup
Event: 1969.501 Executing VM operation: Cleanup done
Event: 2081.292 Executing VM operation: Cleanup
Event: 2081.292 Executing VM operation: Cleanup done
Event: 2722.259 Executing VM operation: Cleanup
Event: 2722.259 Executing VM operation: Cleanup done
Event: 2903.397 Executing VM operation: Cleanup
Event: 2903.397 Executing VM operation: Cleanup done
Event: 2927.414 Executing VM operation: Cleanup
Event: 2927.414 Executing VM operation: Cleanup done
Event: 2948.433 Executing VM operation: Cleanup
Event: 2948.433 Executing VM operation: Cleanup done
Event: 3600.937 Executing VM operation: G1CollectFull
Event: 3600.965 Executing VM operation: G1CollectFull done

Events (20 events):
Event: 191.830 Thread 0x000002716889c310 Thread exited: 0x000002716889c310
Event: 191.830 Thread 0x000002716889be40 Thread exited: 0x000002716889be40
Event: 191.830 Thread 0x000002716889d650 Thread exited: 0x000002716889d650
Event: 191.830 Thread 0x000002716889afd0 Thread exited: 0x000002716889afd0
Event: 191.830 Thread 0x000002716889dff0 Thread exited: 0x000002716889dff0
Event: 191.830 Thread 0x000002716889e990 Thread exited: 0x000002716889e990
Event: 191.830 Thread 0x000002716889c7e0 Thread exited: 0x000002716889c7e0
Event: 191.830 Thread 0x000002716889a160 Thread exited: 0x000002716889a160
Event: 191.830 Thread 0x000002716889ccb0 Thread exited: 0x000002716889ccb0
Event: 191.830 Thread 0x000002716889b970 Thread exited: 0x000002716889b970
Event: 1367.645 Thread 0x000002716889afd0 Thread added: 0x000002716889afd0
Event: 1367.645 Thread 0x000002716889db20 Thread added: 0x000002716889db20
Event: 1367.645 Thread 0x000002716889b970 Thread added: 0x000002716889b970
Event: 1367.646 Thread 0x000002716889d180 Thread added: 0x000002716889d180
Event: 1367.646 Thread 0x000002716889c7e0 Thread added: 0x000002716889c7e0
Event: 1367.646 Thread 0x000002716889afd0 Thread exited: 0x000002716889afd0
Event: 1367.646 Thread 0x000002716889db20 Thread exited: 0x000002716889db20
Event: 1367.646 Thread 0x000002716889b970 Thread exited: 0x000002716889b970
Event: 1367.646 Thread 0x000002716889d180 Thread exited: 0x000002716889d180
Event: 1367.646 Thread 0x000002716889c7e0 Thread exited: 0x000002716889c7e0


Dynamic libraries:
0x00007ff60e200000 - 0x00007ff60e20a000 	C:\Program Files\JetBrains\IntelliJ IDEA 2022.2\jbr\bin\java.exe
0x00007ffaa6680000 - 0x00007ffaa68e8000 	C:\WINDOWS\SYSTEM32\ntdll.dll
0x00007ffaa5c40000 - 0x00007ffaa5d09000 	C:\WINDOWS\System32\KERNEL32.DLL
0x00007ffaa3ee0000 - 0x00007ffaa42cd000 	C:\WINDOWS\System32\KERNELBASE.dll
0x00007ffaa42d0000 - 0x00007ffaa441b000 	C:\WINDOWS\System32\ucrtbase.dll
0x00007ffa30f70000 - 0x00007ffa30f87000 	C:\Program Files\JetBrains\IntelliJ IDEA 2022.2\jbr\bin\jli.dll
0x00007ffa98100000 - 0x00007ffa9811b000 	C:\Program Files\JetBrains\IntelliJ IDEA 2022.2\jbr\bin\VCRUNTIME140.dll
0x00007ffaa4c70000 - 0x00007ffaa4e3c000 	C:\WINDOWS\System32\USER32.dll
0x00007ffaa3d50000 - 0x00007ffaa3d77000 	C:\WINDOWS\System32\win32u.dll
0x00007ffa87b10000 - 0x00007ffa87daa000 	C:\WINDOWS\WinSxS\amd64_microsoft.windows.common-controls_6595b64144ccf1df_6.0.26100.4484_none_3e0e6d4ce32ef3b3\COMCTL32.dll
0x00007ffaa5a70000 - 0x00007ffaa5a9b000 	C:\WINDOWS\System32\GDI32.dll
0x00007ffaa3a90000 - 0x00007ffaa3bc7000 	C:\WINDOWS\System32\gdi32full.dll
0x00007ffaa6500000 - 0x00007ffaa65a9000 	C:\WINDOWS\System32\msvcrt.dll
0x00007ffaa37d0000 - 0x00007ffaa3873000 	C:\WINDOWS\System32\msvcp_win.dll
0x00007ffaa4420000 - 0x00007ffaa444f000 	C:\WINDOWS\System32\IMM32.DLL
0x00007ffa99090000 - 0x00007ffa9909c000 	C:\Program Files\JetBrains\IntelliJ IDEA 2022.2\jbr\bin\vcruntime140_1.dll
0x00007ffa7aaa0000 - 0x00007ffa7ab2d000 	C:\Program Files\JetBrains\IntelliJ IDEA 2022.2\jbr\bin\msvcp140.dll
0x00007ffa04cb0000 - 0x00007ffa05918000 	C:\Program Files\JetBrains\IntelliJ IDEA 2022.2\jbr\bin\server\jvm.dll
0x00007ffaa4460000 - 0x00007ffaa4514000 	C:\WINDOWS\System32\ADVAPI32.dll
0x00007ffaa5910000 - 0x00007ffaa59b6000 	C:\WINDOWS\System32\sechost.dll
0x00007ffaa5aa0000 - 0x00007ffaa5bb8000 	C:\WINDOWS\System32\RPCRT4.dll
0x00007ffaa6060000 - 0x00007ffaa6068000 	C:\WINDOWS\System32\PSAPI.DLL
0x00007ffa94c90000 - 0x00007ffa94cc5000 	C:\WINDOWS\SYSTEM32\WINMM.dll
0x00007ffa87170000 - 0x00007ffa8717a000 	C:\WINDOWS\SYSTEM32\WSOCK32.dll
0x00007ffa98600000 - 0x00007ffa9860b000 	C:\WINDOWS\SYSTEM32\VERSION.dll
0x00007ffaa6320000 - 0x00007ffaa6394000 	C:\WINDOWS\System32\WS2_32.dll
0x00007ffaa2690000 - 0x00007ffaa26ab000 	C:\WINDOWS\SYSTEM32\kernel.appcore.dll
0x00007ffa6b930000 - 0x00007ffa6b93a000 	C:\Program Files\JetBrains\IntelliJ IDEA 2022.2\jbr\bin\jimage.dll
0x00007ffaa0ef0000 - 0x00007ffaa1131000 	C:\WINDOWS\SYSTEM32\DBGHELP.DLL
0x00007ffaa4e40000 - 0x00007ffaa51c6000 	C:\WINDOWS\System32\combase.dll
0x00007ffaa6080000 - 0x00007ffaa6160000 	C:\WINDOWS\System32\OLEAUT32.dll
0x00007ffa7c720000 - 0x00007ffa7c763000 	C:\WINDOWS\SYSTEM32\dbgcore.DLL
0x00007ffaa3d80000 - 0x00007ffaa3e19000 	C:\WINDOWS\System32\bcryptPrimitives.dll
0x00007ffa49fd0000 - 0x00007ffa49ff5000 	C:\Program Files\JetBrains\IntelliJ IDEA 2022.2\jbr\bin\java.dll
0x00007ffa2c6e0000 - 0x00007ffa2c6f8000 	C:\Program Files\JetBrains\IntelliJ IDEA 2022.2\jbr\bin\zip.dll
0x00007ffaa4520000 - 0x00007ffaa4c6a000 	C:\WINDOWS\System32\SHELL32.dll
0x00007ffaa3bd0000 - 0x00007ffaa3d44000 	C:\WINDOWS\System32\wintypes.dll
0x00007ffaa1400000 - 0x00007ffaa1c5b000 	C:\WINDOWS\SYSTEM32\windows.storage.dll
0x00007ffaa51d0000 - 0x00007ffaa52c5000 	C:\WINDOWS\System32\SHCORE.dll
0x00007ffaa5d10000 - 0x00007ffaa5d7a000 	C:\WINDOWS\System32\shlwapi.dll
0x00007ffaa36e0000 - 0x00007ffaa370f000 	C:\WINDOWS\SYSTEM32\profapi.dll
0x00007ffa059d0000 - 0x00007ffa059e9000 	C:\Program Files\JetBrains\IntelliJ IDEA 2022.2\jbr\bin\net.dll
0x00007ffa9a410000 - 0x00007ffa9a52e000 	C:\WINDOWS\SYSTEM32\WINHTTP.dll
0x00007ffaa2c20000 - 0x00007ffaa2c8a000 	C:\WINDOWS\system32\mswsock.dll
0x00007ffa059b0000 - 0x00007ffa059c6000 	C:\Program Files\JetBrains\IntelliJ IDEA 2022.2\jbr\bin\nio.dll
0x00007ffaa2030000 - 0x00007ffaa2063000 	C:\WINDOWS\SYSTEM32\IPHLPAPI.DLL
0x00007ffaa5bc0000 - 0x00007ffaa5bca000 	C:\WINDOWS\System32\NSI.dll
0x00007ffa9a8d0000 - 0x00007ffa9a8ef000 	C:\WINDOWS\SYSTEM32\dhcpcsvc6.DLL
0x00007ffa9a540000 - 0x00007ffa9a565000 	C:\WINDOWS\SYSTEM32\dhcpcsvc.DLL
0x00007ffaa20d0000 - 0x00007ffaa21f6000 	C:\WINDOWS\SYSTEM32\DNSAPI.dll
0x00007ffaa2ed0000 - 0x00007ffaa2eeb000 	C:\WINDOWS\SYSTEM32\CRYPTSP.dll
0x00007ffaa25f0000 - 0x00007ffaa262b000 	C:\WINDOWS\system32\rsaenh.dll
0x00007ffaa2cc0000 - 0x00007ffaa2ceb000 	C:\WINDOWS\SYSTEM32\USERENV.dll
0x00007ffaa36b0000 - 0x00007ffaa36d6000 	C:\WINDOWS\SYSTEM32\bcrypt.dll
0x00007ffaa2ef0000 - 0x00007ffaa2efc000 	C:\WINDOWS\SYSTEM32\CRYPTBASE.dll
0x00007ffa30f90000 - 0x00007ffa30f97000 	C:\Program Files\JetBrains\IntelliJ IDEA 2022.2\jbr\bin\rmi.dll
0x00007ffa0b4e0000 - 0x00007ffa0b4f0000 	C:\Program Files\JetBrains\IntelliJ IDEA 2022.2\jbr\bin\verify.dll
0x00007ffa98610000 - 0x00007ffa9861b000 	C:\Windows\System32\rasadhlp.dll
0x00007ffa9a940000 - 0x00007ffa9a9c6000 	C:\WINDOWS\System32\fwpuclnt.dll
0x00007ffa05b20000 - 0x00007ffa05b2d000 	C:\Program Files\JetBrains\IntelliJ IDEA 2022.2\jbr\bin\sunmscapi.dll
0x00007ffaa3910000 - 0x00007ffaa3a87000 	C:\WINDOWS\System32\CRYPT32.dll
0x00007ffaa3070000 - 0x00007ffaa30a0000 	C:\WINDOWS\SYSTEM32\ncrypt.dll
0x00007ffaa3020000 - 0x00007ffaa305f000 	C:\WINDOWS\SYSTEM32\NTASN1.dll

dbghelp: loaded successfully - version: 4.0.5 - missing functions: none
symbol engine: initialized successfully - sym options: 0x614 - pdb path: .;C:\Program Files\JetBrains\IntelliJ IDEA 2022.2\jbr\bin;C:\WINDOWS\SYSTEM32;C:\WINDOWS\WinSxS\amd64_microsoft.windows.common-controls_6595b64144ccf1df_6.0.26100.4484_none_3e0e6d4ce32ef3b3;C:\Program Files\JetBrains\IntelliJ IDEA 2022.2\jbr\bin\server

VM Arguments:
jvm_args: -Djava.rmi.server.hostname=127.0.0.1 -Duser.timezone=UTC -Xmx750m -Xms128m -XX:+IgnoreUnrecognizedVMOptions --add-opens=jdk.unsupported/sun.misc=ALL-UNNAMED --add-opens=java.base/java.nio=ALL-UNNAMED -Dfile.encoding=UTF-8 
java_command: com.intellij.database.remote.RemoteJdbcServer com.mysql.cj.jdbc.Driver
java_class_path (initial): C:\Program Files\JetBrains\IntelliJ IDEA 2022.2\lib\util_rt.jar;C:\Program Files\JetBrains\IntelliJ IDEA 2022.2\lib\util.jar;C:\Program Files\JetBrains\IntelliJ IDEA 2022.2\lib\groovy.jar;C:\Program Files\JetBrains\IntelliJ IDEA 2022.2\plugins\DatabaseTools\lib\jdbc-console.jar;C:\Users\asus\AppData\Roaming\JetBrains\IntelliJIdea2022.2\jdbc-drivers\MySQL ConnectorJ\8.2.0\com\mysql\mysql-connector-j\8.2.0\mysql-connector-j-8.2.0.jar;C:\Users\asus\AppData\Roaming\JetBrains\IntelliJIdea2022.2\jdbc-drivers\MySQL ConnectorJ\8.2.0\com\google\protobuf\protobuf-java\3.21.9\protobuf-java-3.21.9.jar
Launcher Type: SUN_STANDARD

[Global flags]
     intx CICompilerCount                          = 4                                         {product} {ergonomic}
     uint ConcGCThreads                            = 3                                         {product} {ergonomic}
     uint G1ConcRefinementThreads                  = 10                                        {product} {ergonomic}
   size_t G1HeapRegionSize                         = 1048576                                   {product} {ergonomic}
    uintx GCDrainStackTargetSize                   = 64                                        {product} {ergonomic}
     bool IgnoreUnrecognizedVMOptions              = true                                      {product} {command line}
   size_t InitialHeapSize                          = 134217728                                 {product} {command line}
   size_t MarkStackSize                            = 4194304                                   {product} {ergonomic}
   size_t MaxHeapSize                              = 786432000                                 {product} {command line}
   size_t MaxNewSize                               = 471859200                                 {product} {ergonomic}
   size_t MinHeapDeltaBytes                        = 1048576                                   {product} {ergonomic}
   size_t MinHeapSize                              = 134217728                                 {product} {command line}
    uintx NonNMethodCodeHeapSize                   = 5839372                                {pd product} {ergonomic}
    uintx NonProfiledCodeHeapSize                  = 122909434                              {pd product} {ergonomic}
    uintx ProfiledCodeHeapSize                     = 122909434                              {pd product} {ergonomic}
    uintx ReservedCodeCacheSize                    = 251658240                              {pd product} {ergonomic}
     bool SegmentedCodeCache                       = true                                      {product} {ergonomic}
   size_t SoftMaxHeapSize                          = 786432000                              {manageable} {ergonomic}
     bool UseCompressedClassPointers               = true                           {product lp64_product} {ergonomic}
     bool UseCompressedOops                        = true                           {product lp64_product} {ergonomic}
     bool UseG1GC                                  = true                                      {product} {ergonomic}
     bool UseLargePagesIndividualAllocation        = false                                  {pd product} {ergonomic}

Logging:
Log output configuration:
 #0: stdout all=warning uptime,level,tags
 #1: stderr all=off uptime,level,tags

Environment Variables:
JAVA_HOME=C:\Program Files\Java\JDK8
CLASSPATH=.;C:\Program Files\Java\JDK8\lib;C:\Program Files\Java\JDK8\lib\tools.jar
PATH=D:\VMwareTools\VMware\bin\;D:\JDK8\bin;C:\Program Files (x86)\Common Files\Oracle\Java\javapath;C:\Windows\system32;C:\Windows;C:\Windows\System32\Wbem;C:\Windows\System32\WindowsPowerShell\v1.0\;C:\Windows\System32\OpenSSH\;C:\Program Files (x86)\NVIDIA Corporation\PhysX\Common;C:\Program Files\NVIDIA Corporation\NVIDIA NvDLISR;C:\Program Files\dotnet\;C:\Program Files\Microsoft SQL Server\150\Tools\Binn\;C:\WINDOWS\system32;C:\WINDOWS;C:\WINDOWS\System32\Wbem;C:\WINDOWS\System32\WindowsPowerShell\v1.0\;C:\WINDOWS\System32\OpenSSH\;C:\Program Files\MySQL\MySQL Server 8.0\bin;C:\Program Files\nodejs\;c:\Users\asus\AppData\Local\Programs\cursor\resources\app\bin;C:\Program Files (x86)\Tencent\web\dll;E:\mon;odb-win32-x86_64-windows-8.0.9\bin;D:\BaiduNetdiskDownload\Redis\Redis-x64-5.0.14.1;E:\Git\cmd;E:\apache-maven-3.6.1\bin;C:\Program Files\Java\JDK8\bin;;C:\Program Files\Docker\Docker\resources\bin;C:\WINDOWS\system32;C:\WINDOWS;C:\WINDOWS\System32\Wbem;C:\WINDOWS\System32\WindowsPowerShell\v1.0\;C:\WINDOWS\System32\OpenSSH\;C:\Program Files\MySQL\MySQL Shell 8.0\bin\;C:\Users\asus\AppData\Local\Microsoft\WindowsApps;;C:\Program Files\JetBrains\IntelliJ IDEA 2022.2\bin;;E:\DevEco Studio\bin;;C:\Users\asus\AppData\Local\Programs\Microsoft VS Code\bin;C:\Users\asus\AppData\Roaming\npm;C:\Users\asus\AppData\Local\Programs\cursor\resources\app\bin;C:\Users\asus\AppData\Local\Pandoc\
USERNAME=asus
OS=Windows_NT
PROCESSOR_IDENTIFIER=Intel64 Family 6 Model 141 Stepping 1, GenuineIntel



---------------  S Y S T E M  ---------------

OS:
 Windows 11 , 64 bit Build 26100 (10.0.26100.4484)
OS uptime: 0 days 1:43 hours
Hyper-V role detected

CPU: total 12 (initial active 12) (6 cores per cpu, 2 threads per core) family 6 model 141 stepping 1 microcode 0x34, cx8, cmov, fxsr, ht, mmx, 3dnowpref, sse, sse2, sse3, ssse3, sse4.1, sse4.2, popcnt, lzcnt, tsc, tscinvbit, avx, avx2, aes, erms, clmul, bmi1, bmi2, adx, avx512f, avx512dq, avx512cd, avx512bw, avx512vl, sha, fma, vzeroupper, avx512_vpopcntdq, avx512_vpclmulqdq, avx512_vaes, avx512_vnni, clflush, clflushopt, clwb, avx512_vbmi2, avx512_vbmi, hv

Memory: 4k page, system-wide physical 16106M (2059M free)
TotalPageFile size 38606M (AvailPageFile size 3M)
current process WorkingSet (physical memory assigned to process): 31M, peak: 121M
current process commit charge ("private bytes"): 253M, peak: 255M

vm_info: OpenJDK 64-Bit Server VM (17.0.3+7-b469.32) for windows-amd64 JRE (17.0.3+7-b469.32), built on 2022-07-19 by "builduser" with MS VC++ 16.10 / 16.11 (VS2019)

END.
